<?xml version="1.0" encoding="UTF-8"?>
<!-- Generated by org.testng.reporters.JUnitReportReporter -->
<testsuite hostname="DESKTOP-KV3NE6Q" failures="0" tests="1" name="GaadiBazaar.SearchByBudget" time="65.959" errors="0" timestamp="2022-06-01T22:31:09 IST" skipped="0">
  <testcase classname="GaadiBazaar.SearchByBudget" name="searchGaadiBybudget" time="65.959"/>
  <system-out/>
</testsuite> <!-- GaadiBazaar.SearchByBudget -->
